  ShootTheBox.cpp
C:\Program Files (x86)\Windows Kits\10\Include\10.0.19041.0\shared\minwindef.h(130,1): warning C4005: 'APIENTRY': macro redefinition
C:\Users\bump5\OneDrive\Documents\Cpp\BoxGame\Dependencies\GLFW\include\GLFW\glfw3.h(123): message : see previous definition of 'APIENTRY'
C:\Users\bump5\OneDrive\Documents\Cpp\BoxGame\ShootTheBox.cpp(16,31): warning C4244: 'initializing': conversion from 'double' to 'short', possible loss of data
C:\Users\bump5\OneDrive\Documents\Cpp\BoxGame\ShootTheBox.cpp(16,55): warning C4244: 'initializing': conversion from 'double' to 'short', possible loss of data
C:\Users\bump5\OneDrive\Documents\Cpp\BoxGame\ShootTheBox.cpp(397,37): warning C4244: '+=': conversion from 'double' to 'float', possible loss of data
C:\Users\bump5\OneDrive\Documents\Cpp\BoxGame\ShootTheBox.cpp(521,42): warning C4244: 'initializing': conversion from 'double' to 'float', possible loss of data
C:\Users\bump5\OneDrive\Documents\Cpp\BoxGame\ShootTheBox.cpp(521,33): warning C4244: 'initializing': conversion from 'double' to 'const float', possible loss of data
C:\Users\bump5\OneDrive\Documents\Cpp\BoxGame\ShootTheBox.cpp(788,26): warning C4305: '-=': truncation from 'double' to 'float'
C:\Users\bump5\OneDrive\Documents\Cpp\BoxGame\ShootTheBox.cpp(792,26): warning C4305: '+=': truncation from 'double' to 'float'
C:\Users\bump5\OneDrive\Documents\Cpp\BoxGame\ShootTheBox.cpp(804,53): warning C4305: 'initializing': truncation from 'double' to 'const float'
C:\Users\bump5\OneDrive\Documents\Cpp\BoxGame\ShootTheBox.cpp(805,51): warning C4305: 'initializing': truncation from 'double' to 'const float'
C:\Users\bump5\OneDrive\Documents\Cpp\BoxGame\ShootTheBox.cpp(806,44): warning C4305: 'initializing': truncation from 'double' to 'const float'
C:\Users\bump5\OneDrive\Documents\Cpp\BoxGame\ShootTheBox.cpp(808,45): warning C4305: 'initializing': truncation from 'double' to 'const float'
C:\Users\bump5\OneDrive\Documents\Cpp\BoxGame\ShootTheBox.cpp(809,49): warning C4305: 'initializing': truncation from 'double' to 'const float'
C:\Users\bump5\OneDrive\Documents\Cpp\BoxGame\ShootTheBox.cpp(812,80): warning C4305: 'argument': truncation from 'double' to 'float'
C:\Users\bump5\OneDrive\Documents\Cpp\BoxGame\ShootTheBox.cpp(846,50): warning C4305: 'argument': truncation from 'double' to 'float'
C:\Users\bump5\OneDrive\Documents\Cpp\BoxGame\ShootTheBox.cpp(865,38): warning C4244: 'argument': conversion from 'double' to 'int', possible loss of data
C:\Users\bump5\OneDrive\Documents\Cpp\BoxGame\ShootTheBox.cpp(886,152): warning C4305: 'initializing': truncation from 'double' to 'float'
C:\Users\bump5\OneDrive\Documents\Cpp\BoxGame\ShootTheBox.cpp(889,111): warning C4244: 'argument': conversion from 'double' to 'float', possible loss of data
C:\Users\bump5\OneDrive\Documents\Cpp\BoxGame\ShootTheBox.cpp(923,118): warning C4244: 'argument': conversion from 'double' to 'float', possible loss of data
LINK : warning LNK4098: defaultlib 'LIBCMT' conflicts with use of other libs; use /NODEFAULTLIB:library
  Generating code
  Previous IPDB not found, fall back to full compilation.
  All 368 functions were compiled because no usable IPDB/IOBJ from previous compilation was found.
  Finished generating code
glew32s.lib(glew.obj) : warning LNK4099: PDB 'vc120.pdb' was not found with 'glew32s.lib(glew.obj)' or at 'C:\Users\bump5\OneDrive\Documents\Cpp\BoxGame\x64\Release\vc120.pdb'; linking object as if no debug info
  ChernoOpenGL.vcxproj -> C:\Users\bump5\OneDrive\Documents\Cpp\BoxGame\x64\Release\ShootTheBox.exe
